02/11/2021 07:51:58 PM - RegistryHandler Service Instance - INFO - 
 #############################################################################
02/11/2021 07:51:58 PM - RegistryHandler Service Instance - INFO - StartState: Start
02/11/2021 07:51:58 PM - RegistryHandler Service Instance - INFO - InputDocument : NA
02/11/2021 07:51:58 PM - RegistryHandler Service Instance - INFO - OutputDocumentType : NA
02/11/2021 07:51:58 PM - RegistryHandler Service Instance - INFO - Condition :-
02/11/2021 07:51:58 PM - RegistryHandler Service Instance - INFO - TargettState: WaitforRegisterMessage
02/11/2021 07:51:58 PM - RegistryHandler Service Instance - INFO - ############################################################################# 

02/11/2021 07:51:58 PM - RegistryHandler Service Instance - INFO - 
 #############################################################################
02/11/2021 07:51:58 PM - RegistryHandler Service Instance - INFO - StartState: WaitforRegisterMessage
02/11/2021 07:51:58 PM - RegistryHandler Service Instance - INFO - InputDocument : register
02/11/2021 07:58:07 PM - RegistryHandler Service Instance - INFO - 
 #############################################################################
02/11/2021 07:58:07 PM - RegistryHandler Service Instance - INFO - StartState: Start
02/11/2021 07:58:07 PM - RegistryHandler Service Instance - INFO - InputDocument : NA
02/11/2021 07:58:07 PM - RegistryHandler Service Instance - INFO - OutputDocumentType : NA
02/11/2021 07:58:07 PM - RegistryHandler Service Instance - INFO - Condition :-
02/11/2021 07:58:07 PM - RegistryHandler Service Instance - INFO - TargettState: WaitforRegisterMessage
02/11/2021 07:58:07 PM - RegistryHandler Service Instance - INFO - ############################################################################# 

02/11/2021 07:58:07 PM - RegistryHandler Service Instance - INFO - 
 #############################################################################
02/11/2021 07:58:07 PM - RegistryHandler Service Instance - INFO - StartState: WaitforRegisterMessage
02/11/2021 07:58:07 PM - RegistryHandler Service Instance - INFO - InputDocument : register
02/11/2021 08:46:24 PM - RegistryHandler Service Instance - INFO - 
 #############################################################################
02/11/2021 08:46:24 PM - RegistryHandler Service Instance - INFO - StartState: Start
02/11/2021 08:46:24 PM - RegistryHandler Service Instance - INFO - InputDocument : NA
02/11/2021 08:46:24 PM - RegistryHandler Service Instance - INFO - OutputDocumentType : NA
02/11/2021 08:46:24 PM - RegistryHandler Service Instance - INFO - Condition :-
02/11/2021 08:46:24 PM - RegistryHandler Service Instance - INFO - TargettState: WaitforRegisterMessage
02/11/2021 08:46:24 PM - RegistryHandler Service Instance - INFO - ############################################################################# 

02/11/2021 08:46:24 PM - RegistryHandler Service Instance - INFO - 
 #############################################################################
02/11/2021 08:46:24 PM - RegistryHandler Service Instance - INFO - StartState: WaitforRegisterMessage
02/11/2021 08:46:24 PM - RegistryHandler Service Instance - INFO - InputDocument : register
02/11/2021 08:50:16 PM - RegistryHandler Service Instance - INFO - 
 #############################################################################
02/11/2021 08:50:16 PM - RegistryHandler Service Instance - INFO - StartState: Start
02/11/2021 08:50:16 PM - RegistryHandler Service Instance - INFO - InputDocument : NA
02/11/2021 08:50:16 PM - RegistryHandler Service Instance - INFO - OutputDocumentType : NA
02/11/2021 08:50:16 PM - RegistryHandler Service Instance - INFO - Condition :-
02/11/2021 08:50:16 PM - RegistryHandler Service Instance - INFO - TargettState: WaitforRegisterMessage
02/11/2021 08:50:16 PM - RegistryHandler Service Instance - INFO - ############################################################################# 

02/11/2021 08:50:16 PM - RegistryHandler Service Instance - INFO - 
 #############################################################################
02/11/2021 08:50:16 PM - RegistryHandler Service Instance - INFO - StartState: WaitforRegisterMessage
02/11/2021 08:50:16 PM - RegistryHandler Service Instance - INFO - InputDocument : register
02/11/2021 08:54:32 PM - RegistryHandler Service Instance - INFO - 
 #############################################################################
02/11/2021 08:54:33 PM - RegistryHandler Service Instance - INFO - StartState: Start
02/11/2021 08:54:33 PM - RegistryHandler Service Instance - INFO - InputDocument : NA
02/11/2021 08:54:33 PM - RegistryHandler Service Instance - INFO - OutputDocumentType : NA
02/11/2021 08:54:33 PM - RegistryHandler Service Instance - INFO - Condition :-
02/11/2021 08:54:33 PM - RegistryHandler Service Instance - INFO - TargettState: WaitforRegisterMessage
02/11/2021 08:54:33 PM - RegistryHandler Service Instance - INFO - ############################################################################# 

02/11/2021 08:54:33 PM - RegistryHandler Service Instance - INFO - 
 #############################################################################
02/11/2021 08:54:33 PM - RegistryHandler Service Instance - INFO - StartState: WaitforRegisterMessage
02/11/2021 08:54:33 PM - RegistryHandler Service Instance - INFO - InputDocument : register
02/11/2021 08:59:13 PM - RegistryHandler Service Instance - INFO - 
 #############################################################################
02/11/2021 08:59:13 PM - RegistryHandler Service Instance - INFO - StartState: Start
02/11/2021 08:59:13 PM - RegistryHandler Service Instance - INFO - InputDocument : NA
02/11/2021 08:59:13 PM - RegistryHandler Service Instance - INFO - OutputDocumentType : NA
02/11/2021 08:59:13 PM - RegistryHandler Service Instance - INFO - Condition :-
02/11/2021 08:59:13 PM - RegistryHandler Service Instance - INFO - TargettState: WaitforRegisterMessage
02/11/2021 08:59:13 PM - RegistryHandler Service Instance - INFO - ############################################################################# 

02/11/2021 08:59:13 PM - RegistryHandler Service Instance - INFO - 
 #############################################################################
02/11/2021 08:59:13 PM - RegistryHandler Service Instance - INFO - StartState: WaitforRegisterMessage
02/11/2021 08:59:13 PM - RegistryHandler Service Instance - INFO - InputDocument : register
02/11/2021 09:01:42 PM - RegistryHandler Service Instance - INFO - 
 #############################################################################
02/11/2021 09:01:42 PM - RegistryHandler Service Instance - INFO - StartState: Start
02/11/2021 09:01:42 PM - RegistryHandler Service Instance - INFO - InputDocument : NA
02/11/2021 09:01:42 PM - RegistryHandler Service Instance - INFO - OutputDocumentType : NA
02/11/2021 09:01:42 PM - RegistryHandler Service Instance - INFO - Condition :-
02/11/2021 09:01:42 PM - RegistryHandler Service Instance - INFO - TargettState: WaitforRegisterMessage
02/11/2021 09:01:42 PM - RegistryHandler Service Instance - INFO - ############################################################################# 

02/11/2021 09:01:42 PM - RegistryHandler Service Instance - INFO - 
 #############################################################################
02/11/2021 09:01:42 PM - RegistryHandler Service Instance - INFO - StartState: WaitforRegisterMessage
02/11/2021 09:01:42 PM - RegistryHandler Service Instance - INFO - InputDocument : register
02/11/2021 09:08:08 PM - RegistryHandler Service Instance - INFO - 
 #############################################################################
02/11/2021 09:08:08 PM - RegistryHandler Service Instance - INFO - StartState: Start
02/11/2021 09:08:08 PM - RegistryHandler Service Instance - INFO - InputDocument : NA
02/11/2021 09:08:08 PM - RegistryHandler Service Instance - INFO - OutputDocumentType : NA
02/11/2021 09:08:08 PM - RegistryHandler Service Instance - INFO - Condition :-
02/11/2021 09:08:08 PM - RegistryHandler Service Instance - INFO - TargettState: WaitforRegisterMessage
02/11/2021 09:08:08 PM - RegistryHandler Service Instance - INFO - ############################################################################# 

02/11/2021 09:08:08 PM - RegistryHandler Service Instance - INFO - 
 #############################################################################
02/11/2021 09:08:08 PM - RegistryHandler Service Instance - INFO - StartState: WaitforRegisterMessage
02/11/2021 09:08:08 PM - RegistryHandler Service Instance - INFO - InputDocument : register
02/11/2021 09:35:18 PM - RegistryHandler Service Instance - INFO - 
 #############################################################################
02/11/2021 09:35:18 PM - RegistryHandler Service Instance - INFO - StartState: Start
02/11/2021 09:35:18 PM - RegistryHandler Service Instance - INFO - InputDocument : NA
02/11/2021 09:35:18 PM - RegistryHandler Service Instance - INFO - OutputDocumentType : NA
02/11/2021 09:35:18 PM - RegistryHandler Service Instance - INFO - Condition :-
02/11/2021 09:35:18 PM - RegistryHandler Service Instance - INFO - TargettState: WaitforRegisterMessage
02/11/2021 09:35:18 PM - RegistryHandler Service Instance - INFO - ############################################################################# 

02/11/2021 09:35:18 PM - RegistryHandler Service Instance - INFO - 
 #############################################################################
02/11/2021 09:35:18 PM - RegistryHandler Service Instance - INFO - StartState: WaitforRegisterMessage
02/11/2021 09:35:18 PM - RegistryHandler Service Instance - INFO - InputDocument : register
02/11/2021 09:37:55 PM - RegistryHandler Service Instance - INFO - 
 #############################################################################
02/11/2021 09:37:55 PM - RegistryHandler Service Instance - INFO - StartState: Start
02/11/2021 09:37:55 PM - RegistryHandler Service Instance - INFO - InputDocument : NA
02/11/2021 09:37:55 PM - RegistryHandler Service Instance - INFO - OutputDocumentType : NA
02/11/2021 09:37:55 PM - RegistryHandler Service Instance - INFO - Condition :-
02/11/2021 09:37:55 PM - RegistryHandler Service Instance - INFO - TargettState: WaitforRegisterMessage
02/11/2021 09:37:55 PM - RegistryHandler Service Instance - INFO - ############################################################################# 

02/11/2021 09:37:55 PM - RegistryHandler Service Instance - INFO - 
 #############################################################################
02/11/2021 09:37:55 PM - RegistryHandler Service Instance - INFO - StartState: WaitforRegisterMessage
02/11/2021 09:37:55 PM - RegistryHandler Service Instance - INFO - InputDocument : register
